[0725/145918:ERROR:renderer_main.cc(200)] Running without renderer sandbox
[0725/150124:WARNING:pref_notifier_impl.cc(27)] pref observer found at shutdown proxy
[0725/150301:ERROR:renderer_main.cc(200)] Running without renderer sandbox
[0725/150635:WARNING:pref_notifier_impl.cc(27)] pref observer found at shutdown proxy
[0725/151929:ERROR:renderer_main.cc(200)] Running without renderer sandbox
[0725/151931:ERROR:ipc_channel_win.cc(435)] pipe error: 232
[0725/151931:WARNING:pref_notifier_impl.cc(27)] pref observer found at shutdown proxy
[0725/154534:ERROR:renderer_main.cc(200)] Running without renderer sandbox
[0725/154536:WARNING:pref_notifier_impl.cc(27)] pref observer found at shutdown proxy
[0725/154625:ERROR:renderer_main.cc(200)] Running without renderer sandbox
[0725/154627:WARNING:pref_notifier_impl.cc(27)] pref observer found at shutdown proxy
[0725/154700:ERROR:renderer_main.cc(200)] Running without renderer sandbox
[0725/154702:WARNING:pref_notifier_impl.cc(27)] pref observer found at shutdown proxy
[0725/154718:ERROR:renderer_main.cc(200)] Running without renderer sandbox
[0725/154725:ERROR:ipc_channel_win.cc(435)] pipe error: 232
[0725/154725:WARNING:pref_notifier_impl.cc(27)] pref observer found at shutdown proxy
[0725/154804:ERROR:renderer_main.cc(200)] Running without renderer sandbox
[0725/154830:ERROR:renderer_main.cc(200)] Running without renderer sandbox
[0725/154901:ERROR:renderer_main.cc(200)] Running without renderer sandbox
[0725/154911:ERROR:ipc_channel_win.cc(435)] pipe error: 232
[0725/154911:WARNING:pref_notifier_impl.cc(27)] pref observer found at shutdown proxy
[0725/154938:ERROR:renderer_main.cc(200)] Running without renderer sandbox
[0725/154940:WARNING:pref_notifier_impl.cc(27)] pref observer found at shutdown proxy
[0725/155642:ERROR:renderer_main.cc(200)] Running without renderer sandbox
[0725/155644:WARNING:pref_notifier_impl.cc(27)] pref observer found at shutdown proxy
[0725/155647:ERROR:renderer_main.cc(200)] Running without renderer sandbox
[0725/155657:WARNING:pref_notifier_impl.cc(27)] pref observer found at shutdown proxy
[0725/155715:ERROR:renderer_main.cc(200)] Running without renderer sandbox
[0725/155717:WARNING:pref_notifier_impl.cc(27)] pref observer found at shutdown proxy
[0727/181707:ERROR:renderer_main.cc(200)] Running without renderer sandbox
[0727/181723:ERROR:gles2_cmd_decoder.cc(12822)] [GroupMarkerNotSet(crbug.com/242999)!:9CCF1301]GL ERROR :GL_INVALID_OPERATION : glCreateAndConsumeTextureCHROMIUM: invalid mailbox name
[0727/181723:ERROR:gles2_cmd_decoder.cc(6833)] [GroupMarkerNotSet(crbug.com/242999)!:9CCF1301]RENDER WARNING: texture bound to texture unit 0 is not renderable. It maybe non-power-of-2 and have incompatible texture filtering.
[0727/181723:WARNING:pref_notifier_impl.cc(27)] pref observer found at shutdown proxy
[0731/204351:ERROR:renderer_main.cc(200)] Running without renderer sandbox
[0731/204405:WARNING:pref_notifier_impl.cc(27)] pref observer found at shutdown proxy
[0731/204456:ERROR:renderer_main.cc(200)] Running without renderer sandbox
[0731/204504:ERROR:ipc_channel_win.cc(435)] pipe error: 232
[0731/204504:WARNING:pref_notifier_impl.cc(27)] pref observer found at shutdown proxy
[0803/081926:ERROR:renderer_main.cc(200)] Running without renderer sandbox
[0803/082010:ERROR:renderer_main.cc(200)] Running without renderer sandbox
[0803/082049:WARNING:pref_notifier_impl.cc(27)] pref observer found at shutdown proxy
[0803/204332:ERROR:renderer_main.cc(200)] Running without renderer sandbox
[0803/204349:ERROR:renderer_main.cc(200)] Running without renderer sandbox
[0803/204412:ERROR:renderer_main.cc(200)] Running without renderer sandbox
[0803/204416:WARNING:pref_notifier_impl.cc(27)] pref observer found at shutdown proxy
[0803/204418:ERROR:renderer_main.cc(200)] Running without renderer sandbox
[0803/204434:WARNING:pref_notifier_impl.cc(27)] pref observer found at shutdown proxy
[0803/204444:ERROR:renderer_main.cc(200)] Running without renderer sandbox
[0803/204502:ERROR:ipc_channel_win.cc(435)] pipe error: 232
[0803/204502:WARNING:pref_notifier_impl.cc(27)] pref observer found at shutdown proxy
[0803/205051:ERROR:renderer_main.cc(200)] Running without renderer sandbox
[0803/205124:WARNING:pref_notifier_impl.cc(27)] pref observer found at shutdown proxy
[0808/121325:ERROR:renderer_main.cc(200)] Running without renderer sandbox
[0808/121350:WARNING:pref_notifier_impl.cc(27)] pref observer found at shutdown proxy
